Build started 09/05/2023 03:57:11 ص.
     1>Project "D:\lac\Computer Graphics\New folder\Maze Game\Maze Game\Maze Game.vcxproj" on node 2 (Build target(s)).
     1>Link:
         C:\Program Files (x86)\Microsoft Visual Studio 12.0\VC\bin\x86_amd64\link.exe /ERRORREPORT:PROMPT /OUT:"D:\lac\Computer Graphics\New folder\Maze Game\x64\Debug\Maze Game.exe" /INCREMENTAL /NOLOGO kernel32.lib user32.lib gdi32.lib winspool.lib comdlg32.lib advapi32.lib shell32.lib ole32.lib oleaut32.lib uuid.lib odbc32.lib odbccp32.lib /MANIFEST /MANIFESTUAC:"level='asInvoker' uiAccess='false'" /manifest:embed /DEBUG /PDB:"D:\lac\Computer Graphics\New folder\Maze Game\x64\Debug\Maze Game.pdb" /SUBSYSTEM:CONSOLE /TLBID:1 /DYNAMICBASE /NXCOMPAT /IMPLIB:"D:\lac\Computer Graphics\New folder\Maze Game\x64\Debug\Maze Game.lib" /MACHINE:X64 x64\Debug\Source.obj
     1>LINK : fatal error LNK1104: cannot open file 'glut32.lib'
     1>Done Building Project "D:\lac\Computer Graphics\New folder\Maze Game\Maze Game\Maze Game.vcxproj" (Build target(s)) -- FAILED.

Build FAILED.

Time Elapsed 00:00:00.75
